<?xml version="1.0" encoding="UTF-8"?>
<testsuite xmlns:xsi="http://www.w3.org/2001/XMLSchema-instance" xsi:noNamespaceSchemaLocation="https://maven.apache.org/surefire/maven-surefire-plugin/xsd/surefire-test-report-3.0.xsd" version="3.0" name="TestAutomovil" time="0.005" tests="3" errors="0" skipped="0" failures="3">
  <properties>
    <property name="sun.desktop" value="gnome"/>
    <property name="awt.toolkit" value="sun.awt.X11.XToolkit"/>
    <property name="java.specification.version" value="10"/>
    <property name="file.encoding.pkg" value="sun.io"/>
    <property name="sun.cpu.isalist" value=""/>
    <property name="sun.jnu.encoding" value="UTF-8"/>
    <property name="java.class.path" value="/home/sebas/poo/integrador-poo2/proyectoMaven/target/test-classes:/home/sebas/poo/integrador-poo2/proyectoMaven/target/classes:/home/sebas/.m2/repository/org/apache/maven/maven-model/2.2.1/maven-model-2.2.1.jar:/home/sebas/.m2/repository/org/codehaus/plexus/plexus-utils/1.5.15/plexus-utils-1.5.15.jar:/home/sebas/.m2/repository/org/junit/jupiter/junit-jupiter-api/5.5.2/junit-jupiter-api-5.5.2.jar:/home/sebas/.m2/repository/org/apiguardian/apiguardian-api/1.1.0/apiguardian-api-1.1.0.jar:/home/sebas/.m2/repository/org/opentest4j/opentest4j/1.2.0/opentest4j-1.2.0.jar:/home/sebas/.m2/repository/org/junit/platform/junit-platform-commons/1.5.2/junit-platform-commons-1.5.2.jar:/home/sebas/.m2/repository/junit/junit/3.8.2/junit-3.8.2.jar:/home/sebas/.m2/repository/io/javalin/javalin/3.5.0/javalin-3.5.0.jar:/home/sebas/.m2/repository/org/jetbrains/kotlin/kotlin-stdlib-jdk8/1.3.31/kotlin-stdlib-jdk8-1.3.31.jar:/home/sebas/.m2/repository/org/jetbrains/kotlin/kotlin-stdlib/1.3.31/kotlin-stdlib-1.3.31.jar:/home/sebas/.m2/repository/org/jetbrains/kotlin/kotlin-stdlib-common/1.3.31/kotlin-stdlib-common-1.3.31.jar:/home/sebas/.m2/repository/org/jetbrains/annotations/13.0/annotations-13.0.jar:/home/sebas/.m2/repository/org/jetbrains/kotlin/kotlin-stdlib-jdk7/1.3.31/kotlin-stdlib-jdk7-1.3.31.jar:/home/sebas/.m2/repository/org/slf4j/slf4j-api/1.7.26/slf4j-api-1.7.26.jar:/home/sebas/.m2/repository/org/eclipse/jetty/jetty-server/9.4.20.v20190813/jetty-server-9.4.20.v20190813.jar:/home/sebas/.m2/repository/javax/servlet/javax.servlet-api/3.1.0/javax.servlet-api-3.1.0.jar:/home/sebas/.m2/repository/org/eclipse/jetty/jetty-http/9.4.20.v20190813/jetty-http-9.4.20.v20190813.jar:/home/sebas/.m2/repository/org/eclipse/jetty/jetty-util/9.4.20.v20190813/jetty-util-9.4.20.v20190813.jar:/home/sebas/.m2/repository/org/eclipse/jetty/jetty-io/9.4.20.v20190813/jetty-io-9.4.20.v20190813.jar:/home/sebas/.m2/repository/org/eclipse/jetty/jetty-webapp/9.4.20.v20190813/jetty-webapp-9.4.20.v20190813.jar:/home/sebas/.m2/repository/org/eclipse/jetty/jetty-xml/9.4.20.v20190813/jetty-xml-9.4.20.v20190813.jar:/home/sebas/.m2/repository/org/eclipse/jetty/jetty-servlet/9.4.20.v20190813/jetty-servlet-9.4.20.v20190813.jar:/home/sebas/.m2/repository/org/eclipse/jetty/jetty-security/9.4.20.v20190813/jetty-security-9.4.20.v20190813.jar:/home/sebas/.m2/repository/org/eclipse/jetty/websocket/websocket-server/9.4.20.v20190813/websocket-server-9.4.20.v20190813.jar:/home/sebas/.m2/repository/org/eclipse/jetty/websocket/websocket-common/9.4.20.v20190813/websocket-common-9.4.20.v20190813.jar:/home/sebas/.m2/repository/org/eclipse/jetty/websocket/websocket-api/9.4.20.v20190813/websocket-api-9.4.20.v20190813.jar:/home/sebas/.m2/repository/org/eclipse/jetty/websocket/websocket-client/9.4.20.v20190813/websocket-client-9.4.20.v20190813.jar:/home/sebas/.m2/repository/org/eclipse/jetty/jetty-client/9.4.20.v20190813/jetty-client-9.4.20.v20190813.jar:/home/sebas/.m2/repository/org/eclipse/jetty/websocket/websocket-servlet/9.4.20.v20190813/websocket-servlet-9.4.20.v20190813.jar:"/>
    <property name="java.vm.vendor" value="&quot;Oracle Corporation&quot;"/>
    <property name="sun.arch.data.model" value="64"/>
    <property name="java.vendor.url" value="http://java.oracle.com/"/>
    <property name="user.timezone" value=""/>
    <property name="java.vm.specification.version" value="10"/>
    <property name="os.name" value="Linux"/>
    <property name="user.country" value="AR"/>
    <property name="sun.java.launcher" value="SUN_STANDARD"/>
    <property name="sun.boot.library.path" value="/usr/lib/jvm/java-10-oracle/lib"/>
    <property name="sun.java.command" value="/home/sebas/poo/integrador-poo2/proyectoMaven/target/surefire/surefirebooter17294569121086293981.jar /home/sebas/poo/integrador-poo2/proyectoMaven/target/surefire 2019-09-19T15-46-39_633-jvmRun1 surefire3723255839374210402tmp surefire_01909168968664784745tmp"/>
    <property name="jdk.debug" value="release"/>
    <property name="test" value="TestAutomovil"/>
    <property name="surefire.test.class.path" value="/home/sebas/poo/integrador-poo2/proyectoMaven/target/test-classes:/home/sebas/poo/integrador-poo2/proyectoMaven/target/classes:/home/sebas/.m2/repository/org/apache/maven/maven-model/2.2.1/maven-model-2.2.1.jar:/home/sebas/.m2/repository/org/codehaus/plexus/plexus-utils/1.5.15/plexus-utils-1.5.15.jar:/home/sebas/.m2/repository/org/junit/jupiter/junit-jupiter-api/5.5.2/junit-jupiter-api-5.5.2.jar:/home/sebas/.m2/repository/org/apiguardian/apiguardian-api/1.1.0/apiguardian-api-1.1.0.jar:/home/sebas/.m2/repository/org/opentest4j/opentest4j/1.2.0/opentest4j-1.2.0.jar:/home/sebas/.m2/repository/org/junit/platform/junit-platform-commons/1.5.2/junit-platform-commons-1.5.2.jar:/home/sebas/.m2/repository/junit/junit/3.8.2/junit-3.8.2.jar:/home/sebas/.m2/repository/io/javalin/javalin/3.5.0/javalin-3.5.0.jar:/home/sebas/.m2/repository/org/jetbrains/kotlin/kotlin-stdlib-jdk8/1.3.31/kotlin-stdlib-jdk8-1.3.31.jar:/home/sebas/.m2/repository/org/jetbrains/kotlin/kotlin-stdlib/1.3.31/kotlin-stdlib-1.3.31.jar:/home/sebas/.m2/repository/org/jetbrains/kotlin/kotlin-stdlib-common/1.3.31/kotlin-stdlib-common-1.3.31.jar:/home/sebas/.m2/repository/org/jetbrains/annotations/13.0/annotations-13.0.jar:/home/sebas/.m2/repository/org/jetbrains/kotlin/kotlin-stdlib-jdk7/1.3.31/kotlin-stdlib-jdk7-1.3.31.jar:/home/sebas/.m2/repository/org/slf4j/slf4j-api/1.7.26/slf4j-api-1.7.26.jar:/home/sebas/.m2/repository/org/eclipse/jetty/jetty-server/9.4.20.v20190813/jetty-server-9.4.20.v20190813.jar:/home/sebas/.m2/repository/javax/servlet/javax.servlet-api/3.1.0/javax.servlet-api-3.1.0.jar:/home/sebas/.m2/repository/org/eclipse/jetty/jetty-http/9.4.20.v20190813/jetty-http-9.4.20.v20190813.jar:/home/sebas/.m2/repository/org/eclipse/jetty/jetty-util/9.4.20.v20190813/jetty-util-9.4.20.v20190813.jar:/home/sebas/.m2/repository/org/eclipse/jetty/jetty-io/9.4.20.v20190813/jetty-io-9.4.20.v20190813.jar:/home/sebas/.m2/repository/org/eclipse/jetty/jetty-webapp/9.4.20.v20190813/jetty-webapp-9.4.20.v20190813.jar:/home/sebas/.m2/repository/org/eclipse/jetty/jetty-xml/9.4.20.v20190813/jetty-xml-9.4.20.v20190813.jar:/home/sebas/.m2/repository/org/eclipse/jetty/jetty-servlet/9.4.20.v20190813/jetty-servlet-9.4.20.v20190813.jar:/home/sebas/.m2/repository/org/eclipse/jetty/jetty-security/9.4.20.v20190813/jetty-security-9.4.20.v20190813.jar:/home/sebas/.m2/repository/org/eclipse/jetty/websocket/websocket-server/9.4.20.v20190813/websocket-server-9.4.20.v20190813.jar:/home/sebas/.m2/repository/org/eclipse/jetty/websocket/websocket-common/9.4.20.v20190813/websocket-common-9.4.20.v20190813.jar:/home/sebas/.m2/repository/org/eclipse/jetty/websocket/websocket-api/9.4.20.v20190813/websocket-api-9.4.20.v20190813.jar:/home/sebas/.m2/repository/org/eclipse/jetty/websocket/websocket-client/9.4.20.v20190813/websocket-client-9.4.20.v20190813.jar:/home/sebas/.m2/repository/org/eclipse/jetty/jetty-client/9.4.20.v20190813/jetty-client-9.4.20.v20190813.jar:/home/sebas/.m2/repository/org/eclipse/jetty/websocket/websocket-servlet/9.4.20.v20190813/websocket-servlet-9.4.20.v20190813.jar:"/>
    <property name="sun.cpu.endian" value="little"/>
    <property name="user.home" value="/home/sebas"/>
    <property name="user.language" value="es"/>
    <property name="java.specification.vendor" value="Oracle Corporation"/>
    <property name="java.version.date" value="2018-07-17"/>
    <property name="java.home" value="/usr/lib/jvm/java-10-oracle"/>
    <property name="file.separator" value="/"/>
    <property name="basedir" value="/home/sebas/poo/integrador-poo2/proyectoMaven"/>
    <property name="java.vm.compressedOopsMode" value="32-bit"/>
    <property name="line.separator" value="&#10;"/>
    <property name="java.specification.name" value="Java Platform API Specification"/>
    <property name="java.vm.specification.vendor" value="Oracle Corporation"/>
    <property name="java.awt.graphicsenv" value="sun.awt.X11GraphicsEnvironment"/>
    <property name="surefire.real.class.path" value="/home/sebas/poo/integrador-poo2/proyectoMaven/target/surefire/surefirebooter17294569121086293981.jar"/>
    <property name="sun.management.compiler" value="HotSpot 64-Bit Tiered Compilers"/>
    <property name="java.runtime.version" value="10.0.2+13"/>
    <property name="user.name" value="sebas"/>
    <property name="path.separator" value=":"/>
    <property name="os.version" value="5.0.0-29-generic"/>
    <property name="java.runtime.name" value="Java(TM) SE Runtime Environment"/>
    <property name="file.encoding" value="UTF-8"/>
    <property name="java.vm.name" value="Java HotSpot(TM) 64-Bit Server VM"/>
    <property name="java.vendor.version" value="18.3"/>
    <property name="maven.ext.class.path" value="/snap/netbeans/10/netbeans/java/maven-nblib/netbeans-eventspy.jar"/>
    <property name="localRepository" value="/home/sebas/.m2/repository"/>
    <property name="java.vendor.url.bug" value="http://bugreport.java.com/bugreport/"/>
    <property name="java.io.tmpdir" value="/tmp"/>
    <property name="java.version" value="10.0.2"/>
    <property name="user.dir" value="/home/sebas/poo/integrador-poo2/proyectoMaven"/>
    <property name="os.arch" value="amd64"/>
    <property name="java.vm.specification.name" value="Java Virtual Machine Specification"/>
    <property name="java.awt.printerjob" value="sun.print.PSPrinterJob"/>
    <property name="sun.os.patch.level" value="unknown"/>
    <property name="java.library.path" value="/usr/java/packages/lib:/usr/lib64:/lib64:/lib:/usr/lib"/>
    <property name="java.vendor" value="Oracle Corporation"/>
    <property name="java.vm.info" value="mixed mode"/>
    <property name="java.vm.version" value="10.0.2+13"/>
    <property name="sun.io.unicode.encoding" value="UnicodeLittle"/>
    <property name="java.class.version" value="54.0"/>
  </properties>
  <testcase name="TestAutomovil.testFrenar" classname="TestAutomovil" time="0.001">
    <failure type="java.lang.NullPointerException">java.lang.NullPointerException
	at TestAutomovil.testFrenar(TestAutomovil.java:41)
</failure>
  </testcase>
  <testcase name="TestAutomovil.testAcelerar" classname="TestAutomovil" time="0">
    <failure type="java.lang.NullPointerException">java.lang.NullPointerException
	at TestAutomovil.testAcelerar(TestAutomovil.java:34)
</failure>
  </testcase>
  <testcase name="TestAutomovil.testFrenarTotalmente" classname="TestAutomovil" time="0">
    <failure type="java.lang.NullPointerException">java.lang.NullPointerException
	at TestAutomovil.testFrenarTotalmente(TestAutomovil.java:49)
</failure>
  </testcase>
</testsuite>